<?xml version='1.0' encoding='UTF-8'?>
<testsuite hostname="mbp-de-audrey.home" name="toolsTest.statusTools" tests="6" errors="0" failures="1" skipped="0" time="0.039" timestamp="2019-10-19T19:59:42">
                     <properties>
[...]
</properties>
                     <testcase classname="toolsTest.statusTools" name="If you add a file it should be a staged file" time="0.008">
                                                 
                                               </testcase><testcase classname="toolsTest.statusTools" name="If you stage a file and then you modify his content it should be an updated file" time="0.003">
                                                 
                                               </testcase><testcase classname="toolsTest.statusTools" name="If you stage a file and you don't modify his content it should be an non updated file" time="0.004">
                                                 
                                               </testcase><testcase classname="toolsTest.statusTools" name="If you stage a file and then you modify his content v2 it should be an updated file" time="0.001">
                                                 
                                               </testcase><testcase classname="toolsTest.statusTools" name="If you ask for general status it should return a list of files" time="0.011">
                                                 
                                               </testcase><testcase classname="toolsTest.statusTools" name="If you commit a file and then you modify his content and add it it should be an staged file not yes commited" time="0.012">
                                                 <failure message="tt was false" type="org.scalatest.exceptions.TestFailedException">org.scalatest.exceptions.TestFailedException: tt was false
	at org.scalatest.Assertions.newAssertionFailedException(Assertions.scala:530)
	at org.scalatest.Assertions.newAssertionFailedException$(Assertions.scala:529)
	at org.scalatest.FunSpec.newAssertionFailedException(FunSpec.scala:1630)
	at org.scalatest.Assertions$AssertionsHelper.macroAssert(Assertions.scala:503)
	at toolsTest.statusTools.$anonfun$new$15(statusTools.scala:139)
	at org.scalatest.OutcomeOf.outcomeOf(OutcomeOf.scala:85)
	at org.scalatest.OutcomeOf.outcomeOf$(OutcomeOf.scala:83)
	at org.scalatest.OutcomeOf$.outcomeOf(OutcomeOf.scala:104)
	at org.scalatest.Transformer.apply(Transformer.scala:22)
	at org.scalatest.Transformer.apply(Transformer.scala:20)
	at org.scalatest.FunSpecLike$$anon$1.apply(FunSpecLike.scala:455)
	at org.scalatest.TestSuite.withFixture(TestSuite.scala:196)
	at org.scalatest.TestSuite.withFixture$(TestSuite.scala:195)
	at org.scalatest.FunSpec.withFixture(FunSpec.scala:1630)
	at org.scalatest.FunSpecLike.invokeWithFixture$1(FunSpecLike.scala:453)
	at org.scalatest.FunSpecLike.$anonfun$runTest$1(FunSpecLike.scala:465)
	at org.scalatest.SuperEngine.runTestImpl(Engine.scala:286)
	at org.scalatest.FunSpecLike.runTest(FunSpecLike.scala:465)
	at org.scalatest.FunSpecLike.runTest$(FunSpecLike.scala:447)
	at toolsTest.statusTools.org$scalatest$BeforeAndAfter$$super$runTest(statusTools.scala:13)
	at org.scalatest.BeforeAndAfter.runTest(BeforeAndAfter.scala:203)
	at org.scalatest.BeforeAndAfter.runTest$(BeforeAndAfter.scala:192)
	at toolsTest.statusTools.runTest(statusTools.scala:13)
	at org.scalatest.FunSpecLike.$anonfun$runTests$1(FunSpecLike.scala:498)
	at org.scalatest.SuperEngine.$anonfun$runTestsInBranch$1(Engine.scala:393)
	at scala.collection.immutable.List.foreach(List.scala:305)
	at org.scalatest.SuperEngine.traverseSubNodes$1(Engine.scala:381)
	at org.scalatest.SuperEngine.runTestsInBranch(Engine.scala:370)
	at org.scalatest.SuperEngine.$anonfun$runTestsInBranch$1(Engine.scala:407)
	at scala.collection.immutable.List.foreach(List.scala:305)
	at org.scalatest.SuperEngine.traverseSubNodes$1(Engine.scala:381)
	at org.scalatest.SuperEngine.runTestsInBranch(Engine.scala:370)
	at org.scalatest.SuperEngine.$anonfun$runTestsInBranch$1(Engine.scala:407)
	at scala.collection.immutable.List.foreach(List.scala:305)
	at org.scalatest.SuperEngine.traverseSubNodes$1(Engine.scala:381)
	at org.scalatest.SuperEngine.runTestsInBranch(Engine.scala:376)
	at org.scalatest.SuperEngine.runTestsImpl(Engine.scala:458)
	at org.scalatest.FunSpecLike.runTests(FunSpecLike.scala:498)
	at org.scalatest.FunSpecLike.runTests$(FunSpecLike.scala:497)
	at org.scalatest.FunSpec.runTests(FunSpec.scala:1630)
	at org.scalatest.Suite.run(Suite.scala:1124)
	at org.scalatest.Suite.run$(Suite.scala:1106)
	at org.scalatest.FunSpec.org$scalatest$FunSpecLike$$super$run(FunSpec.scala:1630)
	at org.scalatest.FunSpecLike.$anonfun$run$1(FunSpecLike.scala:502)
	at org.scalatest.SuperEngine.runImpl(Engine.scala:518)
	at org.scalatest.FunSpecLike.run(FunSpecLike.scala:502)
	at org.scalatest.FunSpecLike.run$(FunSpecLike.scala:501)
	at toolsTest.statusTools.org$scalatest$BeforeAndAfter$$super$run(statusTools.scala:13)
	at org.scalatest.BeforeAndAfter.run(BeforeAndAfter.scala:258)
	at org.scalatest.BeforeAndAfter.run$(BeforeAndAfter.scala:256)
	at toolsTest.statusTools.run(statusTools.scala:13)
	at org.scalatest.tools.Framework.org$scalatest$tools$Framework$$runSuite(Framework.scala:317)
	at org.scalatest.tools.Framework$ScalaTestTask.execute(Framework.scala:510)
	at sbt.TestRunner.runTest$1(TestFramework.scala:139)
	at sbt.TestRunner.run(TestFramework.scala:154)
	at sbt.TestFramework$$anon$3$$anonfun$$lessinit$greater$1.$anonfun$apply$1(TestFramework.scala:317)
	at sbt.TestFramework$.sbt$TestFramework$$withContextLoader(TestFramework.scala:277)
	at sbt.TestFramework$$anon$3$$anonfun$$lessinit$greater$1.apply(TestFramework.scala:317)
	at sbt.TestFramework$$anon$3$$anonfun$$lessinit$greater$1.apply(TestFramework.scala:317)
	at sbt.TestFunction.apply(TestFramework.scala:329)
	at sbt.Tests$.processRunnable$1(Tests.scala:350)
	at sbt.Tests$.$anonfun$makeSerial$1(Tests.scala:356)
	at sbt.std.Transform$$anon$3.$anonfun$apply$2(Transform.scala:46)
	at sbt.std.Transform$$anon$4.work(Transform.scala:67)
	at sbt.Execute.$anonfun$submit$2(Execute.scala:280)
	at sbt.internal.util.ErrorHandling$.wideConvert(ErrorHandling.scala:19)
	at sbt.Execute.work(Execute.scala:289)
	at sbt.Execute.$anonfun$submit$1(Execute.scala:280)
	at sbt.ConcurrentRestrictions$$anon$4.$anonfun$submitValid$1(ConcurrentRestrictions.scala:178)
	at sbt.CompletionService$$anon$2.call(CompletionService.scala:37)
	at java.base/java.util.concurrent.FutureTask.run(FutureTask.java:264)
	at java.base/java.util.concurrent.Executors$RunnableAdapter.call(Executors.java:515)
	at java.base/java.util.concurrent.FutureTask.run(FutureTask.java:264)
	at java.base/java.util.concurrent.ThreadPoolExecutor.runWorker(ThreadPoolExecutor.java:1128)
	at java.base/java.util.concurrent.ThreadPoolExecutor$Worker.run(ThreadPoolExecutor.java:628)
	at java.base/java.lang.Thread.run(Thread.java:834)
</failure>
                                               </testcase>
                     <system-out><![CDATA[]]></system-out>
                     <system-err><![CDATA[]]></system-err>
                   </testsuite>